<?xml version="1.0" encoding="UTF-8"?>
<!-- Generated by org.testng.reporters.JUnitXMLReporter -->
<testsuite ignored="0" hostname="DESKTOP-8QC2CD5" failures="1" tests="7" name="Test" time="33.226" errors="0" timestamp="18 Aug 2022 10:27:51 GMT">
  <testcase classname="com.test.classes.MyTestClass" name="getMovieReleaseDateFromIMDB" time="15.563"/>
  <testcase classname="com.test.classes.MyTestClass" name="getMovieReleaseDateFromWikipedia" time="5.214"/>
  <testcase classname="com.test.classes.MyTestClass" name="assertExtractedDetails" time="0.007">
    <skipped/>
  </testcase> <!-- assertExtractedDetails -->
  <testcase classname="com.test.classes.MyTestClass" name="assertExtractedDetails" time="0.004">
    <skipped/>
  </testcase> <!-- assertExtractedDetails -->
  <testcase classname="com.test.classes.MyTestClass" name="assertExtractedDetails" time="0.001">
    <skipped/>
  </testcase> <!-- assertExtractedDetails -->
  <testcase classname="com.test.classes.MyTestClass" name="assertExtractedDetails" time="0.003">
    <skipped/>
  </testcase> <!-- assertExtractedDetails -->
  <testcase classname="com.test.classes.MyTestClass" name="assertExtractedDetails" time="0.001">
    <failure type="java.lang.AssertionError" message="expected [17 December 2021] but found [January 7, 2022 (United States)]">
      <![CDATA[java.lang.AssertionError: expected [17 December 2021] but found [January 7, 2022 (United States)]
at com.test.classes.MyTestClass.assertExtractedDetails(MyTestClass.java:102)
... Removed 31 stack frames]]>
    </failure>
  </testcase> <!-- assertExtractedDetails -->
</testsuite> <!-- Test -->
